c:\users\sietse\documents\visual studio 2015\projects\chatapp\pathfinding containing\pathfinding containing\debug\vc140.pdb
c:\users\sietse\documents\visual studio 2015\projects\chatapp\pathfinding containing\pathfinding containing\debug\vc140.idb
c:\users\sietse\documents\visual studio 2015\projects\chatapp\pathfinding containing\pathfinding containing\debug\main.nativecodeanalysis.xml
c:\users\sietse\documents\visual studio 2015\projects\chatapp\pathfinding containing\pathfinding containing\debug\node.nativecodeanalysis.xml
c:\users\sietse\documents\visual studio 2015\projects\chatapp\pathfinding containing\pathfinding containing\debug\road_map.nativecodeanalysis.xml
c:\users\sietse\documents\visual studio 2015\projects\chatapp\pathfinding containing\pathfinding containing\debug\road_map.obj
c:\users\sietse\documents\visual studio 2015\projects\chatapp\pathfinding containing\pathfinding containing\debug\node.obj
c:\users\sietse\documents\visual studio 2015\projects\chatapp\pathfinding containing\pathfinding containing\debug\main.obj
c:\users\sietse\documents\visual studio 2015\projects\chatapp\pathfinding containing\debug\pathfinding containing.ilk
c:\users\sietse\documents\visual studio 2015\projects\chatapp\pathfinding containing\debug\pathfinding containing.exe
c:\users\sietse\documents\visual studio 2015\projects\chatapp\pathfinding containing\debug\pathfinding containing.pdb
c:\users\sietse\documents\visual studio 2015\projects\chatapp\pathfinding containing\pathfinding containing\debug\nativecodeanalysis.read.1.tlog
c:\users\sietse\documents\visual studio 2015\projects\chatapp\pathfinding containing\pathfinding containing\debug\vc.nativecodeanalysis.all.xml
c:\users\sietse\documents\visual studio 2015\projects\chatapp\pathfinding containing\debug\pathfinding containing.exe.lastcodeanalysissucceeded
c:\users\sietse\documents\visual studio 2015\projects\chatapp\pathfinding containing\pathfinding containing\debug\pathfind.fc1daffc.tlog\cl.command.1.tlog
c:\users\sietse\documents\visual studio 2015\projects\chatapp\pathfinding containing\pathfinding containing\debug\pathfind.fc1daffc.tlog\cl.read.1.tlog
c:\users\sietse\documents\visual studio 2015\projects\chatapp\pathfinding containing\pathfinding containing\debug\pathfind.fc1daffc.tlog\cl.write.1.tlog
c:\users\sietse\documents\visual studio 2015\projects\chatapp\pathfinding containing\pathfinding containing\debug\pathfind.fc1daffc.tlog\link.command.1.tlog
c:\users\sietse\documents\visual studio 2015\projects\chatapp\pathfinding containing\pathfinding containing\debug\pathfind.fc1daffc.tlog\link.read.1.tlog
c:\users\sietse\documents\visual studio 2015\projects\chatapp\pathfinding containing\pathfinding containing\debug\pathfind.fc1daffc.tlog\link.write.1.tlog
